[2013-08-11 18:19:11] myapp.CRITICAL: PDOException: SQLSTATE[42000] [1049] Unknown database 'jdRoll' (uncaught exception) at /home/armaklan/www/dhak/vendor/doctrine/dbal/lib/Doctrine/DBAL/Driver/PDOConnection.php line 36 {"exception":"[object] (PDOException: SQLSTATE[42000] [1049] Unknown database 'jdRoll' at /home/armaklan/www/dhak/vendor/doctrine/dbal/lib/Doctrine/DBAL/Driver/PDOConnection.php:36)"} []
[2013-08-11 18:19:11] myapp.INFO: < 500 [] []
[2013-08-11 18:19:12] myapp.CRITICAL: PDOException: SQLSTATE[42000] [1049] Unknown database 'jdRoll' (uncaught exception) at /home/armaklan/www/dhak/vendor/doctrine/dbal/lib/Doctrine/DBAL/Driver/PDOConnection.php line 36 {"exception":"[object] (PDOException: SQLSTATE[42000] [1049] Unknown database 'jdRoll' at /home/armaklan/www/dhak/vendor/doctrine/dbal/lib/Doctrine/DBAL/Driver/PDOConnection.php:36)"} []
[2013-08-11 18:19:12] myapp.INFO: < 500 [] []
[2013-08-11 18:21:35] myapp.INFO: Matched route "homepage" (parameters: "_controller": "{}", "_route": "homepage") [] []
[2013-08-11 18:21:35] myapp.INFO: > GET /dhak/index.php [] []
[2013-08-11 18:21:35] myapp.CRITICAL: Twig_Error_Loader: The "/home/armaklan/www/dhak/views" directory does not exist. (uncaught exception) at /home/armaklan/www/dhak/vendor/twig/twig/lib/Twig/Loader/Filesystem.php line 93 {"exception":"[object] (Twig_Error_Loader: The \"/home/armaklan/www/dhak/views\" directory does not exist. at /home/armaklan/www/dhak/vendor/twig/twig/lib/Twig/Loader/Filesystem.php:93)"} []
[2013-08-11 18:21:35] myapp.INFO: < 500 [] []
[2013-08-11 18:22:02] myapp.INFO: Matched route "homepage" (parameters: "_controller": "{}", "_route": "homepage") [] []
[2013-08-11 18:22:02] myapp.INFO: > GET /dhak/index.php [] []
[2013-08-11 18:22:02] myapp.CRITICAL: Twig_Error_Loader: Template "home.html.twig" is not defined (). (uncaught exception) at /home/armaklan/www/dhak/vendor/twig/twig/lib/Twig/Loader/Chain.php line 116 {"exception":"[object] (Twig_Error_Loader: Template \"home.html.twig\" is not defined (). at /home/armaklan/www/dhak/vendor/twig/twig/lib/Twig/Loader/Chain.php:116)"} []
[2013-08-11 18:22:02] myapp.INFO: < 500 [] []
[2013-08-11 18:22:57] myapp.INFO: Matched route "homepage" (parameters: "_controller": "{}", "_route": "homepage") [] []
[2013-08-11 18:22:57] myapp.INFO: > GET /dhak/index.php [] []
[2013-08-11 18:22:57] myapp.CRITICAL: Twig_Error_Runtime: An exception has been thrown during the rendering of a template ("PDOException was thrown when trying to read the session data: SQLSTATE[42S02]: Base table or view not found: 1146 Table 'dhak.session' doesn't exist") in "home.html.twig" at line 4. (uncaught exception) at /home/armaklan/www/dhak/vendor/twig/twig/lib/Twig/Template.php line 279 {"exception":"[object] (Twig_Error_Runtime: An exception has been thrown during the rendering of a template (\"PDOException was thrown when trying to read the session data: SQLSTATE[42S02]: Base table or view not found: 1146 Table 'dhak.session' doesn't exist\") in \"home.html.twig\" at line 4. at /home/armaklan/www/dhak/vendor/twig/twig/lib/Twig/Template.php:279, RuntimeException: PDOException was thrown when trying to read the session data: SQLSTATE[42S02]: Base table or view not found: 1146 Table 'dhak.session' doesn't exist at /home/armaklan/www/dhak/vendor/symfony/http-foundation/Symfony/Component/HttpFoundation/Session/Storage/Handler/PdoSessionHandler.php:154, PDOException: SQLSTATE[42S02]: Base table or view not found: 1146 Table 'dhak.session' doesn't exist at /home/armaklan/www/dhak/vendor/symfony/http-foundation/Symfony/Component/HttpFoundation/Session/Storage/Handler/PdoSessionHandler.php:140)"} []
[2013-08-11 18:22:57] myapp.INFO: < 500 [] []
[2013-08-11 18:24:15] myapp.INFO: Matched route "homepage" (parameters: "_controller": "{}", "_route": "homepage") [] []
[2013-08-11 18:24:15] myapp.INFO: > GET /dhak/index.php [] []
[2013-08-11 18:24:15] myapp.CRITICAL: Twig_Error_Runtime: An exception has been thrown during the rendering of a template ("Unable to generate a URL for the named route "login_page" as such route does not exist.") in "home.html.twig" at line 4. (uncaught exception) at /home/armaklan/www/dhak/vendor/twig/twig/lib/Twig/Template.php line 279 {"exception":"[object] (Twig_Error_Runtime: An exception has been thrown during the rendering of a template (\"Unable to generate a URL for the named route \"login_page\" as such route does not exist.\") in \"home.html.twig\" at line 4. at /home/armaklan/www/dhak/vendor/twig/twig/lib/Twig/Template.php:279, Symfony\\Component\\Routing\\Exception\\RouteNotFoundException: Unable to generate a URL for the named route \"login_page\" as such route does not exist. at /home/armaklan/www/dhak/vendor/symfony/routing/Symfony/Component/Routing/Generator/UrlGenerator.php:134)"} []
[2013-08-11 18:24:15] myapp.INFO: < 500 [] []
[2013-08-11 18:24:47] myapp.INFO: Matched route "homepage" (parameters: "_controller": "{}", "_route": "homepage") [] []
[2013-08-11 18:24:47] myapp.INFO: > GET /dhak/index.php [] []
[2013-08-11 18:24:47] myapp.CRITICAL: Twig_Error_Runtime: An exception has been thrown during the rendering of a template ("Unable to generate a URL for the named route "login_page" as such route does not exist.") in "home.html.twig" at line 4. (uncaught exception) at /home/armaklan/www/dhak/vendor/twig/twig/lib/Twig/Template.php line 279 {"exception":"[object] (Twig_Error_Runtime: An exception has been thrown during the rendering of a template (\"Unable to generate a URL for the named route \"login_page\" as such route does not exist.\") in \"home.html.twig\" at line 4. at /home/armaklan/www/dhak/vendor/twig/twig/lib/Twig/Template.php:279, Symfony\\Component\\Routing\\Exception\\RouteNotFoundException: Unable to generate a URL for the named route \"login_page\" as such route does not exist. at /home/armaklan/www/dhak/vendor/symfony/routing/Symfony/Component/Routing/Generator/UrlGenerator.php:134)"} []
[2013-08-11 18:24:47] myapp.INFO: < 500 [] []
[2013-08-11 18:25:01] myapp.INFO: Matched route "homepage" (parameters: "_controller": "{}", "_route": "homepage") [] []
[2013-08-11 18:25:01] myapp.INFO: > GET /dhak/index.php [] []
[2013-08-11 18:25:02] myapp.CRITICAL: Twig_Error_Runtime: An exception has been thrown during the rendering of a template ("Unable to generate a URL for the named route "login_page" as such route does not exist.") in "home.html.twig" at line 4. (uncaught exception) at /home/armaklan/www/dhak/vendor/twig/twig/lib/Twig/Template.php line 279 {"exception":"[object] (Twig_Error_Runtime: An exception has been thrown during the rendering of a template (\"Unable to generate a URL for the named route \"login_page\" as such route does not exist.\") in \"home.html.twig\" at line 4. at /home/armaklan/www/dhak/vendor/twig/twig/lib/Twig/Template.php:279, Symfony\\Component\\Routing\\Exception\\RouteNotFoundException: Unable to generate a URL for the named route \"login_page\" as such route does not exist. at /home/armaklan/www/dhak/vendor/symfony/routing/Symfony/Component/Routing/Generator/UrlGenerator.php:134)"} []
[2013-08-11 18:25:02] myapp.INFO: < 500 [] []
[2013-08-11 18:25:02] myapp.INFO: Matched route "homepage" (parameters: "_controller": "{}", "_route": "homepage") [] []
[2013-08-11 18:25:02] myapp.INFO: > GET /dhak/index.php [] []
[2013-08-11 18:25:02] myapp.CRITICAL: Twig_Error_Runtime: An exception has been thrown during the rendering of a template ("Unable to generate a URL for the named route "login_page" as such route does not exist.") in "home.html.twig" at line 4. (uncaught exception) at /home/armaklan/www/dhak/vendor/twig/twig/lib/Twig/Template.php line 279 {"exception":"[object] (Twig_Error_Runtime: An exception has been thrown during the rendering of a template (\"Unable to generate a URL for the named route \"login_page\" as such route does not exist.\") in \"home.html.twig\" at line 4. at /home/armaklan/www/dhak/vendor/twig/twig/lib/Twig/Template.php:279, Symfony\\Component\\Routing\\Exception\\RouteNotFoundException: Unable to generate a URL for the named route \"login_page\" as such route does not exist. at /home/armaklan/www/dhak/vendor/symfony/routing/Symfony/Component/Routing/Generator/UrlGenerator.php:134)"} []
[2013-08-11 18:25:02] myapp.INFO: < 500 [] []
[2013-08-11 18:25:40] myapp.INFO: Matched route "homepage" (parameters: "_controller": "{}", "_route": "homepage") [] []
[2013-08-11 18:25:40] myapp.INFO: > GET /dhak/index.php [] []
[2013-08-11 18:25:40] myapp.INFO: < 200 [] []
[2013-08-11 18:25:40] myapp.ERROR: Symfony\Component\HttpKernel\Exception\NotFoundHttpException: No route found for "GET /css/bootstrap-responsive.min.css" (uncaught exception) at /home/armaklan/www/dhak/vendor/symfony/http-kernel/Symfony/Component/HttpKernel/EventListener/RouterListener.php line 116 {"exception":"[object] (Symfony\\Component\\HttpKernel\\Exception\\NotFoundHttpException: No route found for \"GET /css/bootstrap-responsive.min.css\" at /home/armaklan/www/dhak/vendor/symfony/http-kernel/Symfony/Component/HttpKernel/EventListener/RouterListener.php:116, Symfony\\Component\\Routing\\Exception\\ResourceNotFoundException:  at /home/armaklan/www/dhak/vendor/symfony/routing/Symfony/Component/Routing/Matcher/UrlMatcher.php:91)"} []
[2013-08-11 18:25:40] myapp.INFO: < 404 [] []
[2013-08-11 18:25:40] myapp.ERROR: Symfony\Component\HttpKernel\Exception\NotFoundHttpException: No route found for "GET /css/bootstrap.min.css" (uncaught exception) at /home/armaklan/www/dhak/vendor/symfony/http-kernel/Symfony/Component/HttpKernel/EventListener/RouterListener.php line 116 {"exception":"[object] (Symfony\\Component\\HttpKernel\\Exception\\NotFoundHttpException: No route found for \"GET /css/bootstrap.min.css\" at /home/armaklan/www/dhak/vendor/symfony/http-kernel/Symfony/Component/HttpKernel/EventListener/RouterListener.php:116, Symfony\\Component\\Routing\\Exception\\ResourceNotFoundException:  at /home/armaklan/www/dhak/vendor/symfony/routing/Symfony/Component/Routing/Matcher/UrlMatcher.php:91)"} []
[2013-08-11 18:25:40] myapp.INFO: < 404 [] []
[2013-08-11 18:25:40] myapp.ERROR: Symfony\Component\HttpKernel\Exception\NotFoundHttpException: No route found for "GET /css/font-awesome.min.css" (uncaught exception) at /home/armaklan/www/dhak/vendor/symfony/http-kernel/Symfony/Component/HttpKernel/EventListener/RouterListener.php line 116 {"exception":"[object] (Symfony\\Component\\HttpKernel\\Exception\\NotFoundHttpException: No route found for \"GET /css/font-awesome.min.css\" at /home/armaklan/www/dhak/vendor/symfony/http-kernel/Symfony/Component/HttpKernel/EventListener/RouterListener.php:116, Symfony\\Component\\Routing\\Exception\\ResourceNotFoundException:  at /home/armaklan/www/dhak/vendor/symfony/routing/Symfony/Component/Routing/Matcher/UrlMatcher.php:91)"} []
[2013-08-11 18:25:40] myapp.ERROR: Symfony\Component\HttpKernel\Exception\NotFoundHttpException: No route found for "GET /js/jquery-2.0.3.min.js" (uncaught exception) at /home/armaklan/www/dhak/vendor/symfony/http-kernel/Symfony/Component/HttpKernel/EventListener/RouterListener.php line 116 {"exception":"[object] (Symfony\\Component\\HttpKernel\\Exception\\NotFoundHttpException: No route found for \"GET /js/jquery-2.0.3.min.js\" at /home/armaklan/www/dhak/vendor/symfony/http-kernel/Symfony/Component/HttpKernel/EventListener/RouterListener.php:116, Symfony\\Component\\Routing\\Exception\\ResourceNotFoundException:  at /home/armaklan/www/dhak/vendor/symfony/routing/Symfony/Component/Routing/Matcher/UrlMatcher.php:91)"} []
[2013-08-11 18:25:40] myapp.INFO: < 404 [] []
[2013-08-11 18:25:40] myapp.INFO: < 404 [] []
[2013-08-11 18:25:41] myapp.ERROR: Symfony\Component\HttpKernel\Exception\NotFoundHttpException: No route found for "GET /js/bootstrap.min.js" (uncaught exception) at /home/armaklan/www/dhak/vendor/symfony/http-kernel/Symfony/Component/HttpKernel/EventListener/RouterListener.php line 116 {"exception":"[object] (Symfony\\Component\\HttpKernel\\Exception\\NotFoundHttpException: No route found for \"GET /js/bootstrap.min.js\" at /home/armaklan/www/dhak/vendor/symfony/http-kernel/Symfony/Component/HttpKernel/EventListener/RouterListener.php:116, Symfony\\Component\\Routing\\Exception\\ResourceNotFoundException:  at /home/armaklan/www/dhak/vendor/symfony/routing/Symfony/Component/Routing/Matcher/UrlMatcher.php:91)"} []
[2013-08-11 18:25:41] myapp.INFO: < 404 [] []
[2013-08-11 18:25:41] myapp.ERROR: Symfony\Component\HttpKernel\Exception\NotFoundHttpException: No route found for "GET /favicon.ico" (uncaught exception) at /home/armaklan/www/dhak/vendor/symfony/http-kernel/Symfony/Component/HttpKernel/EventListener/RouterListener.php line 116 {"exception":"[object] (Symfony\\Component\\HttpKernel\\Exception\\NotFoundHttpException: No route found for \"GET /favicon.ico\" at /home/armaklan/www/dhak/vendor/symfony/http-kernel/Symfony/Component/HttpKernel/EventListener/RouterListener.php:116, Symfony\\Component\\Routing\\Exception\\ResourceNotFoundException:  at /home/armaklan/www/dhak/vendor/symfony/routing/Symfony/Component/Routing/Matcher/UrlMatcher.php:91)"} []
[2013-08-11 18:25:41] myapp.INFO: < 404 [] []
[2013-08-11 18:26:38] myapp.INFO: Matched route "homepage" (parameters: "_controller": "{}", "_route": "homepage") [] []
[2013-08-11 18:26:38] myapp.INFO: > GET /dhak/index.php [] []
[2013-08-11 18:26:38] myapp.INFO: < 200 [] []
[2013-08-11 18:26:38] myapp.ERROR: Symfony\Component\HttpKernel\Exception\NotFoundHttpException: No route found for "GET /resource/css/bootstrap-responsive.min.css" (uncaught exception) at /home/armaklan/www/dhak/vendor/symfony/http-kernel/Symfony/Component/HttpKernel/EventListener/RouterListener.php line 116 {"exception":"[object] (Symfony\\Component\\HttpKernel\\Exception\\NotFoundHttpException: No route found for \"GET /resource/css/bootstrap-responsive.min.css\" at /home/armaklan/www/dhak/vendor/symfony/http-kernel/Symfony/Component/HttpKernel/EventListener/RouterListener.php:116, Symfony\\Component\\Routing\\Exception\\ResourceNotFoundException:  at /home/armaklan/www/dhak/vendor/symfony/routing/Symfony/Component/Routing/Matcher/UrlMatcher.php:91)"} []
[2013-08-11 18:26:38] myapp.INFO: < 404 [] []
[2013-08-11 18:26:38] myapp.ERROR: Symfony\Component\HttpKernel\Exception\NotFoundHttpException: No route found for "GET /resource/css/bootstrap.min.css" (uncaught exception) at /home/armaklan/www/dhak/vendor/symfony/http-kernel/Symfony/Component/HttpKernel/EventListener/RouterListener.php line 116 {"exception":"[object] (Symfony\\Component\\HttpKernel\\Exception\\NotFoundHttpException: No route found for \"GET /resource/css/bootstrap.min.css\" at /home/armaklan/www/dhak/vendor/symfony/http-kernel/Symfony/Component/HttpKernel/EventListener/RouterListener.php:116, Symfony\\Component\\Routing\\Exception\\ResourceNotFoundException:  at /home/armaklan/www/dhak/vendor/symfony/routing/Symfony/Component/Routing/Matcher/UrlMatcher.php:91)"} []
[2013-08-11 18:26:38] myapp.INFO: < 404 [] []
[2013-08-11 18:26:38] myapp.ERROR: Symfony\Component\HttpKernel\Exception\NotFoundHttpException: No route found for "GET /resource/css/font-awesome.min.css" (uncaught exception) at /home/armaklan/www/dhak/vendor/symfony/http-kernel/Symfony/Component/HttpKernel/EventListener/RouterListener.php line 116 {"exception":"[object] (Symfony\\Component\\HttpKernel\\Exception\\NotFoundHttpException: No route found for \"GET /resource/css/font-awesome.min.css\" at /home/armaklan/www/dhak/vendor/symfony/http-kernel/Symfony/Component/HttpKernel/EventListener/RouterListener.php:116, Symfony\\Component\\Routing\\Exception\\ResourceNotFoundException:  at /home/armaklan/www/dhak/vendor/symfony/routing/Symfony/Component/Routing/Matcher/UrlMatcher.php:91)"} []
[2013-08-11 18:26:38] myapp.INFO: < 404 [] []
[2013-08-11 18:26:38] myapp.ERROR: Symfony\Component\HttpKernel\Exception\NotFoundHttpException: No route found for "GET /resource/js/jquery-2.0.3.min.js" (uncaught exception) at /home/armaklan/www/dhak/vendor/symfony/http-kernel/Symfony/Component/HttpKernel/EventListener/RouterListener.php line 116 {"exception":"[object] (Symfony\\Component\\HttpKernel\\Exception\\NotFoundHttpException: No route found for \"GET /resource/js/jquery-2.0.3.min.js\" at /home/armaklan/www/dhak/vendor/symfony/http-kernel/Symfony/Component/HttpKernel/EventListener/RouterListener.php:116, Symfony\\Component\\Routing\\Exception\\ResourceNotFoundException:  at /home/armaklan/www/dhak/vendor/symfony/routing/Symfony/Component/Routing/Matcher/UrlMatcher.php:91)"} []
[2013-08-11 18:26:38] myapp.ERROR: Symfony\Component\HttpKernel\Exception\NotFoundHttpException: No route found for "GET /resource/js/bootstrap.min.js" (uncaught exception) at /home/armaklan/www/dhak/vendor/symfony/http-kernel/Symfony/Component/HttpKernel/EventListener/RouterListener.php line 116 {"exception":"[object] (Symfony\\Component\\HttpKernel\\Exception\\NotFoundHttpException: No route found for \"GET /resource/js/bootstrap.min.js\" at /home/armaklan/www/dhak/vendor/symfony/http-kernel/Symfony/Component/HttpKernel/EventListener/RouterListener.php:116, Symfony\\Component\\Routing\\Exception\\ResourceNotFoundException:  at /home/armaklan/www/dhak/vendor/symfony/routing/Symfony/Component/Routing/Matcher/UrlMatcher.php:91)"} []
[2013-08-11 18:26:38] myapp.INFO: < 404 [] []
[2013-08-11 18:26:38] myapp.INFO: < 404 [] []
[2013-08-11 18:26:38] myapp.ERROR: Symfony\Component\HttpKernel\Exception\NotFoundHttpException: No route found for "GET /resource/favicon.ico" (uncaught exception) at /home/armaklan/www/dhak/vendor/symfony/http-kernel/Symfony/Component/HttpKernel/EventListener/RouterListener.php line 116 {"exception":"[object] (Symfony\\Component\\HttpKernel\\Exception\\NotFoundHttpException: No route found for \"GET /resource/favicon.ico\" at /home/armaklan/www/dhak/vendor/symfony/http-kernel/Symfony/Component/HttpKernel/EventListener/RouterListener.php:116, Symfony\\Component\\Routing\\Exception\\ResourceNotFoundException:  at /home/armaklan/www/dhak/vendor/symfony/routing/Symfony/Component/Routing/Matcher/UrlMatcher.php:91)"} []
[2013-08-11 18:26:38] myapp.INFO: < 404 [] []
[2013-08-11 18:26:59] myapp.ERROR: Symfony\Component\HttpKernel\Exception\NotFoundHttpException: No route found for "GET /resource/css/bootstrap-responsive.min.css" (uncaught exception) at /home/armaklan/www/dhak/vendor/symfony/http-kernel/Symfony/Component/HttpKernel/EventListener/RouterListener.php line 116 {"exception":"[object] (Symfony\\Component\\HttpKernel\\Exception\\NotFoundHttpException: No route found for \"GET /resource/css/bootstrap-responsive.min.css\" at /home/armaklan/www/dhak/vendor/symfony/http-kernel/Symfony/Component/HttpKernel/EventListener/RouterListener.php:116, Symfony\\Component\\Routing\\Exception\\ResourceNotFoundException:  at /home/armaklan/www/dhak/vendor/symfony/routing/Symfony/Component/Routing/Matcher/UrlMatcher.php:91)"} []
[2013-08-11 18:26:59] myapp.INFO: < 404 [] []
[2013-08-11 18:27:17] myapp.INFO: Matched route "homepage" (parameters: "_controller": "{}", "_route": "homepage") [] []
[2013-08-11 18:27:17] myapp.INFO: > GET /dhak/index.php [] []
[2013-08-11 18:27:17] myapp.INFO: < 200 [] []
[2013-08-11 18:27:17] myapp.ERROR: Symfony\Component\HttpKernel\Exception\NotFoundHttpException: No route found for "GET /resource/css/bootstrap-responsive.min.css" (uncaught exception) at /home/armaklan/www/dhak/vendor/symfony/http-kernel/Symfony/Component/HttpKernel/EventListener/RouterListener.php line 116 {"exception":"[object] (Symfony\\Component\\HttpKernel\\Exception\\NotFoundHttpException: No route found for \"GET /resource/css/bootstrap-responsive.min.css\" at /home/armaklan/www/dhak/vendor/symfony/http-kernel/Symfony/Component/HttpKernel/EventListener/RouterListener.php:116, Symfony\\Component\\Routing\\Exception\\ResourceNotFoundException:  at /home/armaklan/www/dhak/vendor/symfony/routing/Symfony/Component/Routing/Matcher/UrlMatcher.php:91)"} []
[2013-08-11 18:27:17] myapp.ERROR: Symfony\Component\HttpKernel\Exception\NotFoundHttpException: No route found for "GET /resource/css/bootstrap.min.css" (uncaught exception) at /home/armaklan/www/dhak/vendor/symfony/http-kernel/Symfony/Component/HttpKernel/EventListener/RouterListener.php line 116 {"exception":"[object] (Symfony\\Component\\HttpKernel\\Exception\\NotFoundHttpException: No route found for \"GET /resource/css/bootstrap.min.css\" at /home/armaklan/www/dhak/vendor/symfony/http-kernel/Symfony/Component/HttpKernel/EventListener/RouterListener.php:116, Symfony\\Component\\Routing\\Exception\\ResourceNotFoundException:  at /home/armaklan/www/dhak/vendor/symfony/routing/Symfony/Component/Routing/Matcher/UrlMatcher.php:91)"} []
[2013-08-11 18:27:17] myapp.INFO: < 404 [] []
[2013-08-11 18:27:17] myapp.INFO: < 404 [] []
[2013-08-11 18:27:17] myapp.ERROR: Symfony\Component\HttpKernel\Exception\NotFoundHttpException: No route found for "GET /resource/js/jquery-2.0.3.min.js" (uncaught exception) at /home/armaklan/www/dhak/vendor/symfony/http-kernel/Symfony/Component/HttpKernel/EventListener/RouterListener.php line 116 {"exception":"[object] (Symfony\\Component\\HttpKernel\\Exception\\NotFoundHttpException: No route found for \"GET /resource/js/jquery-2.0.3.min.js\" at /home/armaklan/www/dhak/vendor/symfony/http-kernel/Symfony/Component/HttpKernel/EventListener/RouterListener.php:116, Symfony\\Component\\Routing\\Exception\\ResourceNotFoundException:  at /home/armaklan/www/dhak/vendor/symfony/routing/Symfony/Component/Routing/Matcher/UrlMatcher.php:91)"} []
[2013-08-11 18:27:17] myapp.ERROR: Symfony\Component\HttpKernel\Exception\NotFoundHttpException: No route found for "GET /resource/js/bootstrap.min.js" (uncaught exception) at /home/armaklan/www/dhak/vendor/symfony/http-kernel/Symfony/Component/HttpKernel/EventListener/RouterListener.php line 116 {"exception":"[object] (Symfony\\Component\\HttpKernel\\Exception\\NotFoundHttpException: No route found for \"GET /resource/js/bootstrap.min.js\" at /home/armaklan/www/dhak/vendor/symfony/http-kernel/Symfony/Component/HttpKernel/EventListener/RouterListener.php:116, Symfony\\Component\\Routing\\Exception\\ResourceNotFoundException:  at /home/armaklan/www/dhak/vendor/symfony/routing/Symfony/Component/Routing/Matcher/UrlMatcher.php:91)"} []
[2013-08-11 18:27:17] myapp.INFO: < 404 [] []
[2013-08-11 18:27:17] myapp.ERROR: Symfony\Component\HttpKernel\Exception\NotFoundHttpException: No route found for "GET /resource/css/font-awesome.min.css" (uncaught exception) at /home/armaklan/www/dhak/vendor/symfony/http-kernel/Symfony/Component/HttpKernel/EventListener/RouterListener.php line 116 {"exception":"[object] (Symfony\\Component\\HttpKernel\\Exception\\NotFoundHttpException: No route found for \"GET /resource/css/font-awesome.min.css\" at /home/armaklan/www/dhak/vendor/symfony/http-kernel/Symfony/Component/HttpKernel/EventListener/RouterListener.php:116, Symfony\\Component\\Routing\\Exception\\ResourceNotFoundException:  at /home/armaklan/www/dhak/vendor/symfony/routing/Symfony/Component/Routing/Matcher/UrlMatcher.php:91)"} []
[2013-08-11 18:27:17] myapp.INFO: < 404 [] []
[2013-08-11 18:27:17] myapp.INFO: < 404 [] []
[2013-08-11 18:27:17] myapp.ERROR: Symfony\Component\HttpKernel\Exception\NotFoundHttpException: No route found for "GET /resource/favicon.ico" (uncaught exception) at /home/armaklan/www/dhak/vendor/symfony/http-kernel/Symfony/Component/HttpKernel/EventListener/RouterListener.php line 116 {"exception":"[object] (Symfony\\Component\\HttpKernel\\Exception\\NotFoundHttpException: No route found for \"GET /resource/favicon.ico\" at /home/armaklan/www/dhak/vendor/symfony/http-kernel/Symfony/Component/HttpKernel/EventListener/RouterListener.php:116, Symfony\\Component\\Routing\\Exception\\ResourceNotFoundException:  at /home/armaklan/www/dhak/vendor/symfony/routing/Symfony/Component/Routing/Matcher/UrlMatcher.php:91)"} []
[2013-08-11 18:27:17] myapp.INFO: < 404 [] []
[2013-08-11 18:28:07] myapp.INFO: Matched route "homepage" (parameters: "_controller": "{}", "_route": "homepage") [] []
[2013-08-11 18:28:07] myapp.INFO: > GET /dhak/ [] []
[2013-08-11 18:28:07] myapp.INFO: < 200 [] []
[2013-08-11 18:29:12] myapp.INFO: Matched route "homepage" (parameters: "_controller": "{}", "_route": "homepage") [] []
[2013-08-11 18:29:12] myapp.INFO: > GET /dhak/ [] []
[2013-08-11 18:29:12] myapp.INFO: < 200 [] []
[2013-08-11 18:29:14] myapp.INFO: Matched route "homepage" (parameters: "_controller": "{}", "_route": "homepage") [] []
[2013-08-11 18:29:14] myapp.INFO: > GET /dhak/ [] []
[2013-08-11 18:29:14] myapp.INFO: < 200 [] []
[2013-08-11 18:29:17] myapp.INFO: Matched route "homepage" (parameters: "_controller": "{}", "_route": "homepage") [] []
[2013-08-11 18:29:17] myapp.INFO: > GET /dhak/ [] []
[2013-08-11 18:29:17] myapp.INFO: < 200 [] []
[2013-08-11 18:29:21] myapp.INFO: Matched route "homepage" (parameters: "_controller": "{}", "_route": "homepage") [] []
[2013-08-11 18:29:21] myapp.INFO: > GET /dhak/ [] []
[2013-08-11 18:29:21] myapp.INFO: < 200 [] []
[2013-08-11 18:29:22] myapp.INFO: Matched route "homepage" (parameters: "_controller": "{}", "_route": "homepage") [] []
[2013-08-11 18:29:22] myapp.INFO: > GET /dhak/ [] []
[2013-08-11 18:29:22] myapp.INFO: < 200 [] []
[2013-08-11 18:29:25] myapp.INFO: Matched route "homepage" (parameters: "_controller": "{}", "_route": "homepage") [] []
[2013-08-11 18:29:25] myapp.INFO: > GET /dhak/ [] []
[2013-08-11 18:29:25] myapp.INFO: < 200 [] []
[2013-08-11 18:30:33] myapp.INFO: Matched route "homepage" (parameters: "_controller": "{}", "_route": "homepage") [] []
[2013-08-11 18:30:33] myapp.INFO: > GET /dhak/ [] []
[2013-08-11 18:30:33] myapp.INFO: < 200 [] []
[2013-08-11 18:30:34] myapp.INFO: Matched route "homepage" (parameters: "_controller": "{}", "_route": "homepage") [] []
[2013-08-11 18:30:34] myapp.INFO: > GET /dhak/ [] []
[2013-08-11 18:30:35] myapp.INFO: < 200 [] []
[2013-08-11 18:31:01] myapp.INFO: Matched route "homepage" (parameters: "_controller": "{}", "_route": "homepage") [] []
[2013-08-11 18:31:01] myapp.INFO: > GET /dhak/ [] []
[2013-08-11 18:31:02] myapp.INFO: < 200 [] []
[2013-08-11 18:31:40] myapp.INFO: Matched route "homepage" (parameters: "_controller": "{}", "_route": "homepage") [] []
[2013-08-11 18:31:40] myapp.INFO: > GET /dhak/ [] []
[2013-08-11 18:31:40] myapp.INFO: < 200 [] []
[2013-08-11 18:31:41] myapp.INFO: Matched route "homepage" (parameters: "_controller": "{}", "_route": "homepage") [] []
[2013-08-11 18:31:41] myapp.INFO: > GET /dhak/ [] []
[2013-08-11 18:31:41] myapp.INFO: < 200 [] []
[2013-08-11 18:31:46] myapp.INFO: Matched route "homepage" (parameters: "_controller": "{}", "_route": "homepage") [] []
[2013-08-11 18:31:46] myapp.INFO: > GET /dhak/ [] []
[2013-08-11 18:31:46] myapp.INFO: < 200 [] []
[2013-08-11 18:32:22] myapp.INFO: Matched route "homepage" (parameters: "_controller": "{}", "_route": "homepage") [] []
[2013-08-11 18:32:22] myapp.INFO: > GET /dhak/ [] []
[2013-08-11 18:32:22] myapp.INFO: < 200 [] []
[2013-08-11 18:33:39] myapp.INFO: Matched route "homepage" (parameters: "_controller": "{}", "_route": "homepage") [] []
[2013-08-11 18:33:39] myapp.INFO: > GET /dhak/ [] []
[2013-08-11 18:33:39] myapp.INFO: < 200 [] []
[2013-08-11 18:34:11] myapp.INFO: Matched route "homepage" (parameters: "_controller": "{}", "_route": "homepage") [] []
[2013-08-11 18:34:11] myapp.INFO: > GET /dhak/ [] []
[2013-08-11 18:34:11] myapp.INFO: < 302 [] []
[2013-08-11 18:34:16] myapp.INFO: Matched route "homepage" (parameters: "_controller": "{}", "_route": "homepage") [] []
[2013-08-11 18:34:16] myapp.INFO: > GET /dhak/ [] []
[2013-08-11 18:34:16] myapp.INFO: < 302 [] []
[2013-08-11 18:34:16] myapp.INFO: Matched route "homepage" (parameters: "_controller": "{}", "_route": "homepage") [] []
[2013-08-11 18:34:16] myapp.INFO: > GET /dhak/ [] []
[2013-08-11 18:34:16] myapp.INFO: < 302 [] []
[2013-08-11 18:36:06] myapp.INFO: Matched route "homepage" (parameters: "_controller": "{}", "_route": "homepage") [] []
[2013-08-11 18:36:06] myapp.INFO: > GET /dhak/ [] []
[2013-08-11 18:36:06] myapp.INFO: < 200 [] []
[2013-08-11 18:37:30] myapp.INFO: Matched route "login" (parameters: "_controller": "{}", "url": "rrrlrkrorerpejpr", "_route": "login") [] []
[2013-08-11 18:37:30] myapp.INFO: > GET /dhak/index.php/login/rrrlrkrorerpejpr [] []
[2013-08-11 18:37:30] myapp.INFO: < 200 [] []
[2013-08-11 18:37:31] myapp.ERROR: Symfony\Component\HttpKernel\Exception\NotFoundHttpException: No route found for "GET /resource/css/bootstrap-responsive.min.css" (uncaught exception) at /home/armaklan/www/dhak/vendor/symfony/http-kernel/Symfony/Component/HttpKernel/EventListener/RouterListener.php line 116 {"exception":"[object] (Symfony\\Component\\HttpKernel\\Exception\\NotFoundHttpException: No route found for \"GET /resource/css/bootstrap-responsive.min.css\" at /home/armaklan/www/dhak/vendor/symfony/http-kernel/Symfony/Component/HttpKernel/EventListener/RouterListener.php:116, Symfony\\Component\\Routing\\Exception\\ResourceNotFoundException:  at /home/armaklan/www/dhak/vendor/symfony/routing/Symfony/Component/Routing/Matcher/UrlMatcher.php:91)"} []
[2013-08-11 18:37:31] myapp.INFO: < 404 [] []
[2013-08-11 18:37:31] myapp.ERROR: Symfony\Component\HttpKernel\Exception\NotFoundHttpException: No route found for "GET /resource/css/font-awesome.min.css" (uncaught exception) at /home/armaklan/www/dhak/vendor/symfony/http-kernel/Symfony/Component/HttpKernel/EventListener/RouterListener.php line 116 {"exception":"[object] (Symfony\\Component\\HttpKernel\\Exception\\NotFoundHttpException: No route found for \"GET /resource/css/font-awesome.min.css\" at /home/armaklan/www/dhak/vendor/symfony/http-kernel/Symfony/Component/HttpKernel/EventListener/RouterListener.php:116, Symfony\\Component\\Routing\\Exception\\ResourceNotFoundException:  at /home/armaklan/www/dhak/vendor/symfony/routing/Symfony/Component/Routing/Matcher/UrlMatcher.php:91)"} []
[2013-08-11 18:37:31] myapp.INFO: < 404 [] []
[2013-08-11 18:37:31] myapp.ERROR: Symfony\Component\HttpKernel\Exception\NotFoundHttpException: No route found for "GET /resource/css/bootstrap.min.css" (uncaught exception) at /home/armaklan/www/dhak/vendor/symfony/http-kernel/Symfony/Component/HttpKernel/EventListener/RouterListener.php line 116 {"exception":"[object] (Symfony\\Component\\HttpKernel\\Exception\\NotFoundHttpException: No route found for \"GET /resource/css/bootstrap.min.css\" at /home/armaklan/www/dhak/vendor/symfony/http-kernel/Symfony/Component/HttpKernel/EventListener/RouterListener.php:116, Symfony\\Component\\Routing\\Exception\\ResourceNotFoundException:  at /home/armaklan/www/dhak/vendor/symfony/routing/Symfony/Component/Routing/Matcher/UrlMatcher.php:91)"} []
[2013-08-11 18:37:31] myapp.INFO: < 404 [] []
[2013-08-11 18:37:31] myapp.ERROR: Symfony\Component\HttpKernel\Exception\NotFoundHttpException: No route found for "GET /resource/js/jquery-2.0.3.min.js" (uncaught exception) at /home/armaklan/www/dhak/vendor/symfony/http-kernel/Symfony/Component/HttpKernel/EventListener/RouterListener.php line 116 {"exception":"[object] (Symfony\\Component\\HttpKernel\\Exception\\NotFoundHttpException: No route found for \"GET /resource/js/jquery-2.0.3.min.js\" at /home/armaklan/www/dhak/vendor/symfony/http-kernel/Symfony/Component/HttpKernel/EventListener/RouterListener.php:116, Symfony\\Component\\Routing\\Exception\\ResourceNotFoundException:  at /home/armaklan/www/dhak/vendor/symfony/routing/Symfony/Component/Routing/Matcher/UrlMatcher.php:91)"} []
[2013-08-11 18:37:31] myapp.INFO: < 404 [] []
[2013-08-11 18:37:31] myapp.ERROR: Symfony\Component\HttpKernel\Exception\NotFoundHttpException: No route found for "GET /resource/js/bootstrap.min.js" (uncaught exception) at /home/armaklan/www/dhak/vendor/symfony/http-kernel/Symfony/Component/HttpKernel/EventListener/RouterListener.php line 116 {"exception":"[object] (Symfony\\Component\\HttpKernel\\Exception\\NotFoundHttpException: No route found for \"GET /resource/js/bootstrap.min.js\" at /home/armaklan/www/dhak/vendor/symfony/http-kernel/Symfony/Component/HttpKernel/EventListener/RouterListener.php:116, Symfony\\Component\\Routing\\Exception\\ResourceNotFoundException:  at /home/armaklan/www/dhak/vendor/symfony/routing/Symfony/Component/Routing/Matcher/UrlMatcher.php:91)"} []
[2013-08-11 18:37:31] myapp.INFO: < 404 [] []
[2013-08-11 18:37:31] myapp.ERROR: Symfony\Component\HttpKernel\Exception\NotFoundHttpException: No route found for "GET /resource/favicon.ico" (uncaught exception) at /home/armaklan/www/dhak/vendor/symfony/http-kernel/Symfony/Component/HttpKernel/EventListener/RouterListener.php line 116 {"exception":"[object] (Symfony\\Component\\HttpKernel\\Exception\\NotFoundHttpException: No route found for \"GET /resource/favicon.ico\" at /home/armaklan/www/dhak/vendor/symfony/http-kernel/Symfony/Component/HttpKernel/EventListener/RouterListener.php:116, Symfony\\Component\\Routing\\Exception\\ResourceNotFoundException:  at /home/armaklan/www/dhak/vendor/symfony/routing/Symfony/Component/Routing/Matcher/UrlMatcher.php:91)"} []
[2013-08-11 18:37:31] myapp.INFO: < 404 [] []
[2013-08-11 18:41:32] myapp.INFO: Matched route "homepage" (parameters: "_controller": "{}", "_route": "homepage") [] []
[2013-08-11 18:41:32] myapp.INFO: > GET /dhak/ [] []
[2013-08-11 18:41:32] myapp.INFO: < 200 [] []
[2013-08-11 18:50:39] myapp.INFO: Matched route "homepage" (parameters: "_controller": "{}", "_route": "homepage") [] []
[2013-08-11 18:50:39] myapp.INFO: > GET /dhak/ [] []
[2013-08-11 18:50:39] myapp.INFO: < 200 [] []
[2013-08-11 18:52:29] myapp.INFO: Matched route "homepage" (parameters: "_controller": "{}", "_route": "homepage") [] []
[2013-08-11 18:52:29] myapp.INFO: > GET /dhak/ [] []
[2013-08-11 18:52:29] myapp.INFO: < 200 [] []
[2013-08-11 18:53:42] myapp.INFO: Matched route "logout" (parameters: "_controller": "{}", "_route": "logout") [] []
[2013-08-11 18:53:42] myapp.INFO: > GET /dhak/logout [] []
[2013-08-11 18:53:42] myapp.INFO: < 302 [] []
[2013-08-11 18:53:42] myapp.INFO: Matched route "homepage" (parameters: "_controller": "{}", "_route": "homepage") [] []
[2013-08-11 18:53:42] myapp.INFO: > GET /dhak/ [] []
[2013-08-11 18:53:42] myapp.INFO: < 200 [] []
[2013-08-11 18:53:42] myapp.ERROR: Symfony\Component\HttpKernel\Exception\NotFoundHttpException: No route found for "GET /resource/favicon.ico" (uncaught exception) at /home/armaklan/www/dhak/vendor/symfony/http-kernel/Symfony/Component/HttpKernel/EventListener/RouterListener.php line 116 {"exception":"[object] (Symfony\\Component\\HttpKernel\\Exception\\NotFoundHttpException: No route found for \"GET /resource/favicon.ico\" at /home/armaklan/www/dhak/vendor/symfony/http-kernel/Symfony/Component/HttpKernel/EventListener/RouterListener.php:116, Symfony\\Component\\Routing\\Exception\\ResourceNotFoundException:  at /home/armaklan/www/dhak/vendor/symfony/routing/Symfony/Component/Routing/Matcher/UrlMatcher.php:91)"} []
[2013-08-11 18:53:42] myapp.INFO: < 404 [] []
[2013-08-11 18:53:47] myapp.INFO: Matched route "login" (parameters: "_controller": "{}", "url": "rrrlrkrorerpejpr", "_route": "login") [] []
[2013-08-11 18:53:47] myapp.INFO: > GET /dhak/login/rrrlrkrorerpejpr [] []
[2013-08-11 18:53:47] myapp.INFO: < 200 [] []
[2013-08-11 18:53:47] myapp.ERROR: Symfony\Component\HttpKernel\Exception\NotFoundHttpException: No route found for "GET /resource/favicon.ico" (uncaught exception) at /home/armaklan/www/dhak/vendor/symfony/http-kernel/Symfony/Component/HttpKernel/EventListener/RouterListener.php line 116 {"exception":"[object] (Symfony\\Component\\HttpKernel\\Exception\\NotFoundHttpException: No route found for \"GET /resource/favicon.ico\" at /home/armaklan/www/dhak/vendor/symfony/http-kernel/Symfony/Component/HttpKernel/EventListener/RouterListener.php:116, Symfony\\Component\\Routing\\Exception\\ResourceNotFoundException:  at /home/armaklan/www/dhak/vendor/symfony/routing/Symfony/Component/Routing/Matcher/UrlMatcher.php:91)"} []
[2013-08-11 18:53:47] myapp.INFO: < 404 [] []
[2013-08-11 18:54:48] myapp.INFO: Matched route "homepage" (parameters: "_controller": "{}", "_route": "homepage") [] []
[2013-08-11 18:54:48] myapp.INFO: > GET /dhak/ [] []
[2013-08-11 18:54:48] myapp.INFO: < 302 [] []
[2013-08-11 18:54:48] myapp.INFO: Matched route "login" (parameters: "_controller": "{}", "url": "http:!!localhost!dhak!", "_route": "login") [] []
[2013-08-11 18:54:48] myapp.INFO: > GET /dhak/login/http:!!localhost!dhak! [] []
[2013-08-11 18:54:48] myapp.INFO: < 200 [] []
[2013-08-11 18:54:48] myapp.ERROR: Symfony\Component\HttpKernel\Exception\NotFoundHttpException: No route found for "GET /resource/favicon.ico" (uncaught exception) at /home/armaklan/www/dhak/vendor/symfony/http-kernel/Symfony/Component/HttpKernel/EventListener/RouterListener.php line 116 {"exception":"[object] (Symfony\\Component\\HttpKernel\\Exception\\NotFoundHttpException: No route found for \"GET /resource/favicon.ico\" at /home/armaklan/www/dhak/vendor/symfony/http-kernel/Symfony/Component/HttpKernel/EventListener/RouterListener.php:116, Symfony\\Component\\Routing\\Exception\\ResourceNotFoundException:  at /home/armaklan/www/dhak/vendor/symfony/routing/Symfony/Component/Routing/Matcher/UrlMatcher.php:91)"} []
[2013-08-11 18:54:48] myapp.INFO: < 404 [] []
[2013-08-11 18:55:12] myapp.INFO: Matched route "homepage" (parameters: "_controller": "{}", "_route": "homepage") [] []
[2013-08-11 18:55:12] myapp.INFO: > GET /dhak/ [] []
[2013-08-11 18:55:12] myapp.INFO: < 302 [] []
[2013-08-11 18:55:12] myapp.INFO: Matched route "login" (parameters: "_controller": "{}", "url": "http:!!localhost!dhak!", "_route": "login") [] []
[2013-08-11 18:55:12] myapp.INFO: > GET /dhak/login/http:!!localhost!dhak! [] []
[2013-08-11 18:55:12] myapp.INFO: < 200 [] []
[2013-08-11 18:55:13] myapp.ERROR: Symfony\Component\HttpKernel\Exception\NotFoundHttpException: No route found for "GET /resource/favicon.ico" (uncaught exception) at /home/armaklan/www/dhak/vendor/symfony/http-kernel/Symfony/Component/HttpKernel/EventListener/RouterListener.php line 116 {"exception":"[object] (Symfony\\Component\\HttpKernel\\Exception\\NotFoundHttpException: No route found for \"GET /resource/favicon.ico\" at /home/armaklan/www/dhak/vendor/symfony/http-kernel/Symfony/Component/HttpKernel/EventListener/RouterListener.php:116, Symfony\\Component\\Routing\\Exception\\ResourceNotFoundException:  at /home/armaklan/www/dhak/vendor/symfony/routing/Symfony/Component/Routing/Matcher/UrlMatcher.php:91)"} []
[2013-08-11 18:55:13] myapp.INFO: < 404 [] []
[2013-08-11 19:03:23] myapp.INFO: Matched route "login_save" (parameters: "_controller": "{}", "_route": "login_save") [] []
[2013-08-11 19:03:23] myapp.INFO: > POST /dhak/login [] []
[2013-08-11 19:03:23] myapp.INFO: < 200 [] []
[2013-08-11 19:03:23] myapp.ERROR: Symfony\Component\HttpKernel\Exception\NotFoundHttpException: No route found for "GET /resource/favicon.ico" (uncaught exception) at /home/armaklan/www/dhak/vendor/symfony/http-kernel/Symfony/Component/HttpKernel/EventListener/RouterListener.php line 116 {"exception":"[object] (Symfony\\Component\\HttpKernel\\Exception\\NotFoundHttpException: No route found for \"GET /resource/favicon.ico\" at /home/armaklan/www/dhak/vendor/symfony/http-kernel/Symfony/Component/HttpKernel/EventListener/RouterListener.php:116, Symfony\\Component\\Routing\\Exception\\ResourceNotFoundException:  at /home/armaklan/www/dhak/vendor/symfony/routing/Symfony/Component/Routing/Matcher/UrlMatcher.php:91)"} []
[2013-08-11 19:03:23] myapp.INFO: < 404 [] []
[2013-08-11 19:03:29] myapp.INFO: Matched route "login_save" (parameters: "_controller": "{}", "_route": "login_save") [] []
[2013-08-11 19:03:29] myapp.INFO: > POST /dhak/login [] []
[2013-08-11 19:03:29] myapp.INFO: < 200 [] []
[2013-08-11 19:03:29] myapp.ERROR: Symfony\Component\HttpKernel\Exception\NotFoundHttpException: No route found for "GET /resource/favicon.ico" (uncaught exception) at /home/armaklan/www/dhak/vendor/symfony/http-kernel/Symfony/Component/HttpKernel/EventListener/RouterListener.php line 116 {"exception":"[object] (Symfony\\Component\\HttpKernel\\Exception\\NotFoundHttpException: No route found for \"GET /resource/favicon.ico\" at /home/armaklan/www/dhak/vendor/symfony/http-kernel/Symfony/Component/HttpKernel/EventListener/RouterListener.php:116, Symfony\\Component\\Routing\\Exception\\ResourceNotFoundException:  at /home/armaklan/www/dhak/vendor/symfony/routing/Symfony/Component/Routing/Matcher/UrlMatcher.php:91)"} []
[2013-08-11 19:03:29] myapp.INFO: < 404 [] []
[2013-08-11 19:04:12] myapp.INFO: Matched route "login_save" (parameters: "_controller": "{}", "_route": "login_save") [] []
[2013-08-11 19:04:12] myapp.INFO: > POST /dhak/login [] []
[2013-08-11 19:04:12] myapp.INFO: < 302 [] []
[2013-08-11 19:04:12] myapp.INFO: Matched route "homepage" (parameters: "_controller": "{}", "_route": "homepage") [] []
[2013-08-11 19:04:12] myapp.INFO: > GET /dhak/ [] []
[2013-08-11 19:04:12] myapp.INFO: < 200 [] []
[2013-08-11 19:04:13] myapp.ERROR: Symfony\Component\HttpKernel\Exception\NotFoundHttpException: No route found for "GET /resource/favicon.ico" (uncaught exception) at /home/armaklan/www/dhak/vendor/symfony/http-kernel/Symfony/Component/HttpKernel/EventListener/RouterListener.php line 116 {"exception":"[object] (Symfony\\Component\\HttpKernel\\Exception\\NotFoundHttpException: No route found for \"GET /resource/favicon.ico\" at /home/armaklan/www/dhak/vendor/symfony/http-kernel/Symfony/Component/HttpKernel/EventListener/RouterListener.php:116, Symfony\\Component\\Routing\\Exception\\ResourceNotFoundException:  at /home/armaklan/www/dhak/vendor/symfony/routing/Symfony/Component/Routing/Matcher/UrlMatcher.php:91)"} []
[2013-08-11 19:04:13] myapp.INFO: < 404 [] []
[2013-08-11 19:09:17] myapp.INFO: Matched route "logout" (parameters: "_controller": "{}", "_route": "logout") [] []
[2013-08-11 19:09:17] myapp.INFO: > GET /dhak/logout [] []
[2013-08-11 19:09:17] myapp.INFO: < 302 [] []
[2013-08-11 19:09:17] myapp.INFO: Matched route "homepage" (parameters: "_controller": "{}", "_route": "homepage") [] []
[2013-08-11 19:09:17] myapp.INFO: > GET /dhak/ [] []
[2013-08-11 19:09:17] myapp.INFO: < 302 [] []
[2013-08-11 19:09:17] myapp.INFO: Matched route "login" (parameters: "_controller": "{}", "url": "http:!!localhost!dhak!", "_route": "login") [] []
[2013-08-11 19:09:17] myapp.INFO: > GET /dhak/login/http:!!localhost!dhak! [] []
[2013-08-11 19:09:17] myapp.INFO: < 200 [] []
[2013-08-11 19:09:18] myapp.ERROR: Symfony\Component\HttpKernel\Exception\NotFoundHttpException: No route found for "GET /resource/favicon.ico" (uncaught exception) at /home/armaklan/www/dhak/vendor/symfony/http-kernel/Symfony/Component/HttpKernel/EventListener/RouterListener.php line 116 {"exception":"[object] (Symfony\\Component\\HttpKernel\\Exception\\NotFoundHttpException: No route found for \"GET /resource/favicon.ico\" at /home/armaklan/www/dhak/vendor/symfony/http-kernel/Symfony/Component/HttpKernel/EventListener/RouterListener.php:116, Symfony\\Component\\Routing\\Exception\\ResourceNotFoundException:  at /home/armaklan/www/dhak/vendor/symfony/routing/Symfony/Component/Routing/Matcher/UrlMatcher.php:91)"} []
[2013-08-11 19:09:18] myapp.INFO: < 404 [] []
[2013-08-11 19:09:20] myapp.INFO: Matched route "login" (parameters: "_controller": "{}", "url": "http:!!localhost!dhak!", "_route": "login") [] []
[2013-08-11 19:09:20] myapp.INFO: > GET /dhak/login/http:!!localhost!dhak! [] []
[2013-08-11 19:09:20] myapp.INFO: < 200 [] []
[2013-08-11 19:09:20] myapp.ERROR: Symfony\Component\HttpKernel\Exception\NotFoundHttpException: No route found for "GET /resource/favicon.ico" (uncaught exception) at /home/armaklan/www/dhak/vendor/symfony/http-kernel/Symfony/Component/HttpKernel/EventListener/RouterListener.php line 116 {"exception":"[object] (Symfony\\Component\\HttpKernel\\Exception\\NotFoundHttpException: No route found for \"GET /resource/favicon.ico\" at /home/armaklan/www/dhak/vendor/symfony/http-kernel/Symfony/Component/HttpKernel/EventListener/RouterListener.php:116, Symfony\\Component\\Routing\\Exception\\ResourceNotFoundException:  at /home/armaklan/www/dhak/vendor/symfony/routing/Symfony/Component/Routing/Matcher/UrlMatcher.php:91)"} []
[2013-08-11 19:09:20] myapp.INFO: < 404 [] []
[2013-08-11 19:09:48] myapp.INFO: Matched route "login" (parameters: "_controller": "{}", "url": "http:!!localhost!dhak!", "_route": "login") [] []
[2013-08-11 19:09:48] myapp.INFO: > GET /dhak/login/http:!!localhost!dhak! [] []
[2013-08-11 19:09:48] myapp.INFO: < 200 [] []
[2013-08-11 19:09:49] myapp.ERROR: Symfony\Component\HttpKernel\Exception\NotFoundHttpException: No route found for "GET /resource/favicon.ico" (uncaught exception) at /home/armaklan/www/dhak/vendor/symfony/http-kernel/Symfony/Component/HttpKernel/EventListener/RouterListener.php line 116 {"exception":"[object] (Symfony\\Component\\HttpKernel\\Exception\\NotFoundHttpException: No route found for \"GET /resource/favicon.ico\" at /home/armaklan/www/dhak/vendor/symfony/http-kernel/Symfony/Component/HttpKernel/EventListener/RouterListener.php:116, Symfony\\Component\\Routing\\Exception\\ResourceNotFoundException:  at /home/armaklan/www/dhak/vendor/symfony/routing/Symfony/Component/Routing/Matcher/UrlMatcher.php:91)"} []
[2013-08-11 19:09:49] myapp.INFO: < 404 [] []
[2013-08-11 19:10:28] myapp.INFO: Matched route "login" (parameters: "_controller": "{}", "url": "http:!!localhost!dhak!", "_route": "login") [] []
[2013-08-11 19:10:28] myapp.INFO: > GET /dhak/login/http:!!localhost!dhak! [] []
[2013-08-11 19:10:28] myapp.CRITICAL: Twig_Error_Syntax: Unexpected character "!" in "squelette.html.twig" at line 77 (uncaught exception) at /home/armaklan/www/dhak/vendor/twig/twig/lib/Twig/Lexer.php line 287 {"exception":"[object] (Twig_Error_Syntax: Unexpected character \"!\" in \"squelette.html.twig\" at line 77 at /home/armaklan/www/dhak/vendor/twig/twig/lib/Twig/Lexer.php:287)"} []
[2013-08-11 19:10:28] myapp.INFO: < 500 [] []
[2013-08-11 19:10:29] myapp.INFO: Matched route "login" (parameters: "_controller": "{}", "url": "http:!!localhost!dhak!", "_route": "login") [] []
[2013-08-11 19:10:29] myapp.INFO: > GET /dhak/login/http:!!localhost!dhak! [] []
[2013-08-11 19:10:29] myapp.CRITICAL: Twig_Error_Syntax: Unexpected character "!" in "squelette.html.twig" at line 77 (uncaught exception) at /home/armaklan/www/dhak/vendor/twig/twig/lib/Twig/Lexer.php line 287 {"exception":"[object] (Twig_Error_Syntax: Unexpected character \"!\" in \"squelette.html.twig\" at line 77 at /home/armaklan/www/dhak/vendor/twig/twig/lib/Twig/Lexer.php:287)"} []
[2013-08-11 19:10:29] myapp.INFO: < 500 [] []
[2013-08-11 19:10:46] myapp.INFO: Matched route "login" (parameters: "_controller": "{}", "url": "http:!!localhost!dhak!", "_route": "login") [] []
[2013-08-11 19:10:46] myapp.INFO: > GET /dhak/login/http:!!localhost!dhak! [] []
[2013-08-11 19:10:46] myapp.CRITICAL: Twig_Error_Syntax: The function "empty" does not exist in "squelette.html.twig" at line 77 (uncaught exception) at /home/armaklan/www/dhak/vendor/twig/twig/lib/Twig/ExpressionParser.php line 555 {"exception":"[object] (Twig_Error_Syntax: The function \"empty\" does not exist in \"squelette.html.twig\" at line 77 at /home/armaklan/www/dhak/vendor/twig/twig/lib/Twig/ExpressionParser.php:555)"} []
[2013-08-11 19:10:46] myapp.INFO: < 500 [] []
[2013-08-11 19:11:06] myapp.INFO: Matched route "login" (parameters: "_controller": "{}", "url": "http:!!localhost!dhak!", "_route": "login") [] []
[2013-08-11 19:11:06] myapp.INFO: > GET /dhak/login/http:!!localhost!dhak! [] []
[2013-08-11 19:11:06] myapp.CRITICAL: Twig_Error_Syntax: The function "empty" does not exist in "squelette.html.twig" at line 78 (uncaught exception) at /home/armaklan/www/dhak/vendor/twig/twig/lib/Twig/ExpressionParser.php line 555 {"exception":"[object] (Twig_Error_Syntax: The function \"empty\" does not exist in \"squelette.html.twig\" at line 78 at /home/armaklan/www/dhak/vendor/twig/twig/lib/Twig/ExpressionParser.php:555)"} []
[2013-08-11 19:11:06] myapp.INFO: < 500 [] []
[2013-08-11 19:11:07] myapp.INFO: Matched route "login" (parameters: "_controller": "{}", "url": "http:!!localhost!dhak!", "_route": "login") [] []
[2013-08-11 19:11:07] myapp.INFO: > GET /dhak/login/http:!!localhost!dhak! [] []
[2013-08-11 19:11:07] myapp.CRITICAL: Twig_Error_Syntax: The function "empty" does not exist in "squelette.html.twig" at line 78 (uncaught exception) at /home/armaklan/www/dhak/vendor/twig/twig/lib/Twig/ExpressionParser.php line 555 {"exception":"[object] (Twig_Error_Syntax: The function \"empty\" does not exist in \"squelette.html.twig\" at line 78 at /home/armaklan/www/dhak/vendor/twig/twig/lib/Twig/ExpressionParser.php:555)"} []
[2013-08-11 19:11:07] myapp.INFO: < 500 [] []
[2013-08-11 19:11:23] myapp.INFO: Matched route "login" (parameters: "_controller": "{}", "url": "http:!!localhost!dhak!", "_route": "login") [] []
[2013-08-11 19:11:23] myapp.INFO: > GET /dhak/login/http:!!localhost!dhak! [] []
[2013-08-11 19:11:23] myapp.INFO: < 200 [] []
[2013-08-11 19:11:24] myapp.ERROR: Symfony\Component\HttpKernel\Exception\NotFoundHttpException: No route found for "GET /resource/favicon.ico" (uncaught exception) at /home/armaklan/www/dhak/vendor/symfony/http-kernel/Symfony/Component/HttpKernel/EventListener/RouterListener.php line 116 {"exception":"[object] (Symfony\\Component\\HttpKernel\\Exception\\NotFoundHttpException: No route found for \"GET /resource/favicon.ico\" at /home/armaklan/www/dhak/vendor/symfony/http-kernel/Symfony/Component/HttpKernel/EventListener/RouterListener.php:116, Symfony\\Component\\Routing\\Exception\\ResourceNotFoundException:  at /home/armaklan/www/dhak/vendor/symfony/routing/Symfony/Component/Routing/Matcher/UrlMatcher.php:91)"} []
[2013-08-11 19:11:24] myapp.INFO: < 404 [] []
[2013-08-11 19:11:25] myapp.INFO: Matched route "login" (parameters: "_controller": "{}", "url": "http:!!localhost!dhak!", "_route": "login") [] []
[2013-08-11 19:11:25] myapp.INFO: > GET /dhak/login/http:!!localhost!dhak! [] []
[2013-08-11 19:11:25] myapp.INFO: < 200 [] []
[2013-08-11 19:11:25] myapp.ERROR: Symfony\Component\HttpKernel\Exception\NotFoundHttpException: No route found for "GET /resource/favicon.ico" (uncaught exception) at /home/armaklan/www/dhak/vendor/symfony/http-kernel/Symfony/Component/HttpKernel/EventListener/RouterListener.php line 116 {"exception":"[object] (Symfony\\Component\\HttpKernel\\Exception\\NotFoundHttpException: No route found for \"GET /resource/favicon.ico\" at /home/armaklan/www/dhak/vendor/symfony/http-kernel/Symfony/Component/HttpKernel/EventListener/RouterListener.php:116, Symfony\\Component\\Routing\\Exception\\ResourceNotFoundException:  at /home/armaklan/www/dhak/vendor/symfony/routing/Symfony/Component/Routing/Matcher/UrlMatcher.php:91)"} []
[2013-08-11 19:11:25] myapp.INFO: < 404 [] []
[2013-08-11 19:14:38] myapp.INFO: Matched route "login" (parameters: "_controller": "{}", "url": "http:!!localhost!dhak!", "_route": "login") [] []
[2013-08-11 19:14:38] myapp.INFO: > GET /dhak/login/http:!!localhost!dhak! [] []
[2013-08-11 19:14:38] myapp.INFO: < 200 [] []
[2013-08-11 19:14:39] myapp.ERROR: Symfony\Component\HttpKernel\Exception\NotFoundHttpException: No route found for "GET /resource/favicon.ico" (uncaught exception) at /home/armaklan/www/dhak/vendor/symfony/http-kernel/Symfony/Component/HttpKernel/EventListener/RouterListener.php line 116 {"exception":"[object] (Symfony\\Component\\HttpKernel\\Exception\\NotFoundHttpException: No route found for \"GET /resource/favicon.ico\" at /home/armaklan/www/dhak/vendor/symfony/http-kernel/Symfony/Component/HttpKernel/EventListener/RouterListener.php:116, Symfony\\Component\\Routing\\Exception\\ResourceNotFoundException:  at /home/armaklan/www/dhak/vendor/symfony/routing/Symfony/Component/Routing/Matcher/UrlMatcher.php:91)"} []
[2013-08-11 19:14:39] myapp.INFO: < 404 [] []
[2013-08-11 19:14:42] myapp.INFO: Matched route "login_save" (parameters: "_controller": "{}", "_route": "login_save") [] []
[2013-08-11 19:14:42] myapp.INFO: > POST /dhak/login [] []
[2013-08-11 19:14:42] myapp.CRITICAL: Twig_Error_Runtime: Method "flahBag" for object "Symfony\Component\HttpFoundation\Session\Session" does not exist in "squelette.html.twig" at line 79 (uncaught exception) at /home/armaklan/www/dhak/vendor/twig/twig/lib/Twig/Template.php line 426 {"exception":"[object] (Twig_Error_Runtime: Method \"flahBag\" for object \"Symfony\\Component\\HttpFoundation\\Session\\Session\" does not exist in \"squelette.html.twig\" at line 79 at /home/armaklan/www/dhak/vendor/twig/twig/lib/Twig/Template.php:426)"} []
[2013-08-11 19:14:42] myapp.INFO: < 500 [] []
[2013-08-11 19:14:54] myapp.INFO: Matched route "login_save" (parameters: "_controller": "{}", "_route": "login_save") [] []
[2013-08-11 19:14:54] myapp.INFO: > POST /dhak/login [] []
[2013-08-11 19:14:54] myapp.INFO: < 200 [] []
[2013-08-11 19:14:54] myapp.ERROR: Symfony\Component\HttpKernel\Exception\NotFoundHttpException: No route found for "GET /resource/favicon.ico" (uncaught exception) at /home/armaklan/www/dhak/vendor/symfony/http-kernel/Symfony/Component/HttpKernel/EventListener/RouterListener.php line 116 {"exception":"[object] (Symfony\\Component\\HttpKernel\\Exception\\NotFoundHttpException: No route found for \"GET /resource/favicon.ico\" at /home/armaklan/www/dhak/vendor/symfony/http-kernel/Symfony/Component/HttpKernel/EventListener/RouterListener.php:116, Symfony\\Component\\Routing\\Exception\\ResourceNotFoundException:  at /home/armaklan/www/dhak/vendor/symfony/routing/Symfony/Component/Routing/Matcher/UrlMatcher.php:91)"} []
[2013-08-11 19:14:54] myapp.INFO: < 404 [] []
[2013-08-11 19:16:25] myapp.INFO: Matched route "homepage" (parameters: "_controller": "{}", "_route": "homepage") [] []
[2013-08-11 19:16:25] myapp.INFO: > GET /dhak/ [] []
[2013-08-11 19:16:25] myapp.INFO: < 302 [] []
[2013-08-11 19:16:25] myapp.INFO: Matched route "login" (parameters: "_controller": "{}", "url": "http:!!localhost!dhak!", "_route": "login") [] []
[2013-08-11 19:16:25] myapp.INFO: > GET /dhak/login/http:!!localhost!dhak! [] []
[2013-08-11 19:16:25] myapp.INFO: < 200 [] []
[2013-08-11 19:16:25] myapp.ERROR: Symfony\Component\HttpKernel\Exception\NotFoundHttpException: No route found for "GET /resource/favicon.ico" (uncaught exception) at /home/armaklan/www/dhak/vendor/symfony/http-kernel/Symfony/Component/HttpKernel/EventListener/RouterListener.php line 116 {"exception":"[object] (Symfony\\Component\\HttpKernel\\Exception\\NotFoundHttpException: No route found for \"GET /resource/favicon.ico\" at /home/armaklan/www/dhak/vendor/symfony/http-kernel/Symfony/Component/HttpKernel/EventListener/RouterListener.php:116, Symfony\\Component\\Routing\\Exception\\ResourceNotFoundException:  at /home/armaklan/www/dhak/vendor/symfony/routing/Symfony/Component/Routing/Matcher/UrlMatcher.php:91)"} []
[2013-08-11 19:16:25] myapp.INFO: < 404 [] []
[2013-08-11 19:16:31] myapp.INFO: Matched route "login_save" (parameters: "_controller": "{}", "_route": "login_save") [] []
[2013-08-11 19:16:31] myapp.INFO: > POST /dhak/login [] []
[2013-08-11 19:16:31] myapp.INFO: < 200 [] []
[2013-08-11 19:16:31] myapp.ERROR: Symfony\Component\HttpKernel\Exception\NotFoundHttpException: No route found for "GET /resource/favicon.ico" (uncaught exception) at /home/armaklan/www/dhak/vendor/symfony/http-kernel/Symfony/Component/HttpKernel/EventListener/RouterListener.php line 116 {"exception":"[object] (Symfony\\Component\\HttpKernel\\Exception\\NotFoundHttpException: No route found for \"GET /resource/favicon.ico\" at /home/armaklan/www/dhak/vendor/symfony/http-kernel/Symfony/Component/HttpKernel/EventListener/RouterListener.php:116, Symfony\\Component\\Routing\\Exception\\ResourceNotFoundException:  at /home/armaklan/www/dhak/vendor/symfony/routing/Symfony/Component/Routing/Matcher/UrlMatcher.php:91)"} []
[2013-08-11 19:16:31] myapp.INFO: < 404 [] []
[2013-08-11 19:16:35] myapp.INFO: Matched route "login_save" (parameters: "_controller": "{}", "_route": "login_save") [] []
[2013-08-11 19:16:35] myapp.INFO: > POST /dhak/login [] []
[2013-08-11 19:16:35] myapp.INFO: < 200 [] []
[2013-08-11 19:16:36] myapp.ERROR: Symfony\Component\HttpKernel\Exception\NotFoundHttpException: No route found for "GET /resource/favicon.ico" (uncaught exception) at /home/armaklan/www/dhak/vendor/symfony/http-kernel/Symfony/Component/HttpKernel/EventListener/RouterListener.php line 116 {"exception":"[object] (Symfony\\Component\\HttpKernel\\Exception\\NotFoundHttpException: No route found for \"GET /resource/favicon.ico\" at /home/armaklan/www/dhak/vendor/symfony/http-kernel/Symfony/Component/HttpKernel/EventListener/RouterListener.php:116, Symfony\\Component\\Routing\\Exception\\ResourceNotFoundException:  at /home/armaklan/www/dhak/vendor/symfony/routing/Symfony/Component/Routing/Matcher/UrlMatcher.php:91)"} []
[2013-08-11 19:16:36] myapp.INFO: < 404 [] []
[2013-08-11 19:16:41] myapp.INFO: Matched route "login_save" (parameters: "_controller": "{}", "_route": "login_save") [] []
[2013-08-11 19:16:41] myapp.INFO: > POST /dhak/login [] []
[2013-08-11 19:16:41] myapp.INFO: < 302 [] []
[2013-08-11 19:16:41] myapp.INFO: Matched route "homepage" (parameters: "_controller": "{}", "_route": "homepage") [] []
[2013-08-11 19:16:41] myapp.INFO: > GET /dhak/ [] []
[2013-08-11 19:16:41] myapp.INFO: < 200 [] []
[2013-08-11 19:16:42] myapp.ERROR: Symfony\Component\HttpKernel\Exception\NotFoundHttpException: No route found for "GET /resource/favicon.ico" (uncaught exception) at /home/armaklan/www/dhak/vendor/symfony/http-kernel/Symfony/Component/HttpKernel/EventListener/RouterListener.php line 116 {"exception":"[object] (Symfony\\Component\\HttpKernel\\Exception\\NotFoundHttpException: No route found for \"GET /resource/favicon.ico\" at /home/armaklan/www/dhak/vendor/symfony/http-kernel/Symfony/Component/HttpKernel/EventListener/RouterListener.php:116, Symfony\\Component\\Routing\\Exception\\ResourceNotFoundException:  at /home/armaklan/www/dhak/vendor/symfony/routing/Symfony/Component/Routing/Matcher/UrlMatcher.php:91)"} []
[2013-08-11 19:16:42] myapp.INFO: < 404 [] []
[2013-08-11 19:20:12] myapp.INFO: Matched route "homepage" (parameters: "_controller": "{}", "_route": "homepage") [] []
[2013-08-11 19:20:12] myapp.INFO: > GET /dhak/ [] []
[2013-08-11 19:20:12] myapp.INFO: < 200 [] []
[2013-08-11 19:20:12] myapp.ERROR: Symfony\Component\HttpKernel\Exception\NotFoundHttpException: No route found for "GET /resource/favicon.ico" (uncaught exception) at /home/armaklan/www/dhak/vendor/symfony/http-kernel/Symfony/Component/HttpKernel/EventListener/RouterListener.php line 116 {"exception":"[object] (Symfony\\Component\\HttpKernel\\Exception\\NotFoundHttpException: No route found for \"GET /resource/favicon.ico\" at /home/armaklan/www/dhak/vendor/symfony/http-kernel/Symfony/Component/HttpKernel/EventListener/RouterListener.php:116, Symfony\\Component\\Routing\\Exception\\ResourceNotFoundException:  at /home/armaklan/www/dhak/vendor/symfony/routing/Symfony/Component/Routing/Matcher/UrlMatcher.php:91)"} []
[2013-08-11 19:20:12] myapp.INFO: < 404 [] []
[2013-08-11 19:20:14] myapp.INFO: Matched route "logout" (parameters: "_controller": "{}", "_route": "logout") [] []
[2013-08-11 19:20:14] myapp.INFO: > GET /dhak/logout [] []
[2013-08-11 19:20:14] myapp.INFO: < 302 [] []
[2013-08-11 19:20:14] myapp.INFO: Matched route "homepage" (parameters: "_controller": "{}", "_route": "homepage") [] []
[2013-08-11 19:20:14] myapp.INFO: > GET /dhak/ [] []
[2013-08-11 19:20:14] myapp.INFO: < 302 [] []
[2013-08-11 19:20:14] myapp.INFO: Matched route "login" (parameters: "_controller": "{}", "url": "http:!!localhost!dhak!", "_route": "login") [] []
[2013-08-11 19:20:14] myapp.INFO: > GET /dhak/login/http:!!localhost!dhak! [] []
[2013-08-11 19:20:14] myapp.INFO: < 200 [] []
[2013-08-11 19:20:14] myapp.ERROR: Symfony\Component\HttpKernel\Exception\NotFoundHttpException: No route found for "GET /resource/favicon.ico" (uncaught exception) at /home/armaklan/www/dhak/vendor/symfony/http-kernel/Symfony/Component/HttpKernel/EventListener/RouterListener.php line 116 {"exception":"[object] (Symfony\\Component\\HttpKernel\\Exception\\NotFoundHttpException: No route found for \"GET /resource/favicon.ico\" at /home/armaklan/www/dhak/vendor/symfony/http-kernel/Symfony/Component/HttpKernel/EventListener/RouterListener.php:116, Symfony\\Component\\Routing\\Exception\\ResourceNotFoundException:  at /home/armaklan/www/dhak/vendor/symfony/routing/Symfony/Component/Routing/Matcher/UrlMatcher.php:91)"} []
[2013-08-11 19:20:14] myapp.INFO: < 404 [] []
[2013-08-11 19:20:16] myapp.INFO: Matched route "login_save" (parameters: "_controller": "{}", "_route": "login_save") [] []
[2013-08-11 19:20:16] myapp.INFO: > POST /dhak/login [] []
[2013-08-11 19:20:16] myapp.INFO: < 200 [] []
[2013-08-11 19:20:17] myapp.ERROR: Symfony\Component\HttpKernel\Exception\NotFoundHttpException: No route found for "GET /resource/favicon.ico" (uncaught exception) at /home/armaklan/www/dhak/vendor/symfony/http-kernel/Symfony/Component/HttpKernel/EventListener/RouterListener.php line 116 {"exception":"[object] (Symfony\\Component\\HttpKernel\\Exception\\NotFoundHttpException: No route found for \"GET /resource/favicon.ico\" at /home/armaklan/www/dhak/vendor/symfony/http-kernel/Symfony/Component/HttpKernel/EventListener/RouterListener.php:116, Symfony\\Component\\Routing\\Exception\\ResourceNotFoundException:  at /home/armaklan/www/dhak/vendor/symfony/routing/Symfony/Component/Routing/Matcher/UrlMatcher.php:91)"} []
[2013-08-11 19:20:17] myapp.INFO: < 404 [] []
[2013-08-11 19:20:22] myapp.INFO: Matched route "login_save" (parameters: "_controller": "{}", "_route": "login_save") [] []
[2013-08-11 19:20:22] myapp.INFO: > POST /dhak/login [] []
[2013-08-11 19:20:22] myapp.INFO: < 302 [] []
[2013-08-11 19:20:22] myapp.INFO: Matched route "homepage" (parameters: "_controller": "{}", "_route": "homepage") [] []
[2013-08-11 19:20:22] myapp.INFO: > GET /dhak/ [] []
[2013-08-11 19:20:22] myapp.INFO: < 200 [] []
[2013-08-11 19:20:22] myapp.ERROR: Symfony\Component\HttpKernel\Exception\NotFoundHttpException: No route found for "GET /resource/favicon.ico" (uncaught exception) at /home/armaklan/www/dhak/vendor/symfony/http-kernel/Symfony/Component/HttpKernel/EventListener/RouterListener.php line 116 {"exception":"[object] (Symfony\\Component\\HttpKernel\\Exception\\NotFoundHttpException: No route found for \"GET /resource/favicon.ico\" at /home/armaklan/www/dhak/vendor/symfony/http-kernel/Symfony/Component/HttpKernel/EventListener/RouterListener.php:116, Symfony\\Component\\Routing\\Exception\\ResourceNotFoundException:  at /home/armaklan/www/dhak/vendor/symfony/routing/Symfony/Component/Routing/Matcher/UrlMatcher.php:91)"} []
[2013-08-11 19:20:22] myapp.INFO: < 404 [] []
[2013-08-11 19:20:25] myapp.INFO: Matched route "homepage" (parameters: "_controller": "{}", "_route": "homepage") [] []
[2013-08-11 19:20:25] myapp.INFO: > GET /dhak/ [] []
[2013-08-11 19:20:25] myapp.INFO: < 200 [] []
[2013-08-11 19:20:25] myapp.ERROR: Symfony\Component\HttpKernel\Exception\NotFoundHttpException: No route found for "GET /resource/favicon.ico" (uncaught exception) at /home/armaklan/www/dhak/vendor/symfony/http-kernel/Symfony/Component/HttpKernel/EventListener/RouterListener.php line 116 {"exception":"[object] (Symfony\\Component\\HttpKernel\\Exception\\NotFoundHttpException: No route found for \"GET /resource/favicon.ico\" at /home/armaklan/www/dhak/vendor/symfony/http-kernel/Symfony/Component/HttpKernel/EventListener/RouterListener.php:116, Symfony\\Component\\Routing\\Exception\\ResourceNotFoundException:  at /home/armaklan/www/dhak/vendor/symfony/routing/Symfony/Component/Routing/Matcher/UrlMatcher.php:91)"} []
[2013-08-11 19:20:25] myapp.INFO: < 404 [] []
